GROUP,PACKAGE,CLASS,INSTRUCTION_MISSED,INSTRUCTION_COVERED,BRANCH_MISSED,BRANCH_COVERED,LINE_MISSED,LINE_COVERED,COMPLEXITY_MISSED,COMPLEXITY_COVERED,METHOD_MISSED,METHOD_COVERED
patient-intake-system,org.example,Main,115,0,6,0,39,0,9,0,5,0
patient-intake-system,org.example,Doctor,3,46,0,0,1,6,1,2,1,2
patient-intake-system,org.example,ClinicCalendar,20,61,2,0,6,17,2,4,1,4
patient-intake-system,org.example,PatientAppointment,44,12,0,0,5,1,7,1,7,1
patient-intake-system,org.example,PatientIntakeSystemApplication,8,0,0,0,3,0,2,0,2,0
