<?xml version="1.0" encoding="UTF-8"?>
<testsuite xmlns:xsi="http://www.w3.org/2001/XMLSchema-instance" xsi:noNamespaceSchemaLocation="https://maven.apache.org/surefire/maven-surefire-plugin/xsd/surefire-test-report.xsd" name="com.cognizant.FlightUnitTest" time="1.433" tests="6" errors="0" skipped="0" failures="0">
  <properties>
[...]
</properties>
  <testcase name="testVipPassengerToEconomyFlight" classname="com.cognizant.FlightUnitTest" time="0.665"/>
  <testcase name="testVipPassengerToBusinessFlight" classname="com.cognizant.FlightUnitTest" time="0.313"/>
  <testcase name="testNonVipPassengerToEconomyFlight" classname="com.cognizant.FlightUnitTest" time="0.015"/>
  <testcase name="testNonVipPassengerToBusinessFlight" classname="com.cognizant.FlightUnitTest" time="0.421"/>
  <testcase name="testAddEconomyFlight" classname="com.cognizant.FlightUnitTest" time="0"/>
  <testcase name="testAddBusinessFlight" classname="com.cognizant.FlightUnitTest" time="0"/>
</testsuite>